<?xml version="1.0" encoding="UTF-8"?>
<!-- Generated by org.testng.reporters.JUnitXMLReporter -->
<testsuite hostname="DELL-PC-PC" ignored="0" name="test" tests="1" failures="1" timestamp="06 Jan 2018 23:17:56 GMT" time="0.901" errors="0">
  <testcase name="readEx" time="0.857" classname="myproj.Driver">
    <failure type="java.lang.reflect.InvocationTargetException">
      <![CDATA[java.lang.reflect.InvocationTargetExceptionat myproj.Login.enter(Login.java:46)at myproj.Driver.readEx(Driver.java:127)Caused by: java.lang.NullPointerExceptionat myproj.Login.Contact(Login.java:74)... 31 more... Removed 29 stack frames]]>
    </failure>
  </testcase> <!-- readEx -->
</testsuite> <!-- test -->
